[2025-12-19 07:33:20] INFO: ========================================
[2025-12-19 07:33:20] INFO: 🚀 Backend listening on http://localhost:4000
[2025-12-19 07:33:20] INFO: NODE_ENV           : development
[2025-12-19 07:33:20] INFO: FRONTEND_ORIGIN(s) : http://localhost:3000, http://127.0.0.1:3000, http://localhost:3001, http://127.0.0.1:3001, http://localhost:5173, http://127.0.0.1:5173, https://arkwork.vercel.app, https://arkwork-staging.vercel.app
[2025-12-19 07:33:20] INFO: ✅ Billing CRON     : loaded
[2025-12-19 07:33:20] INFO: ✅ Redis Session    : connected & active
[2025-12-19 07:33:20] INFO: ✅ Rate Limiting    : enabled (Targeted)
[2025-12-19 07:33:20] INFO: ✅ Security Headers : enabled (Helmet)
[2025-12-19 07:33:20] INFO: ✅ Logging System   : enabled (Winston)
[2025-12-19 07:33:20] INFO: ========================================
[2025-12-19 07:33:20] ERROR: Redis Client Error
[2025-12-19 07:33:20] ERROR: Redis Client Error
[2025-12-19 07:33:21] ERROR: Redis Client Error
[2025-12-19 07:33:21] ERROR: Redis Client Error
[2025-12-19 07:33:22] ERROR: Redis Client Error
[2025-12-19 07:33:22] ERROR: Redis Client Error
[2025-12-19 07:33:24] ERROR: Redis Client Error
[2025-12-19 07:33:26] ERROR: Redis Client Error
[2025-12-19 07:33:28] ERROR: Redis Client Error
[2025-12-19 07:33:30] ERROR: Redis Client Error
[2025-12-19 07:33:33] ERROR: Redis Client Error
[2025-12-19 07:33:35] ERROR: Redis Client Error
[2025-12-19 07:33:37] ERROR: Redis Client Error
[2025-12-19 07:33:39] ERROR: Redis Client Error
[2025-12-19 07:33:41] ERROR: Redis Client Error
[2025-12-19 07:33:43] ERROR: Redis Client Error
[2025-12-19 07:33:45] ERROR: Redis Client Error
[2025-12-19 07:33:47] ERROR: Redis Client Error
[2025-12-19 07:33:50] ERROR: Redis Client Error
[2025-12-19 07:33:52] ERROR: Redis Client Error
[2025-12-19 07:33:54] ERROR: Redis Client Error
[2025-12-19 07:33:56] ERROR: Redis Client Error
[2025-12-19 07:33:58] ERROR: Redis Client Error
[2025-12-19 07:34:00] ERROR: Redis Client Error
[2025-12-19 07:34:02] ERROR: Redis Client Error
[2025-12-19 07:34:04] ERROR: Redis Client Error
[2025-12-19 07:34:06] ERROR: Redis Client Error
[2025-12-19 07:34:08] ERROR: Redis Client Error
[2025-12-19 07:34:11] ERROR: Redis Client Error
[2025-12-19 07:34:13] ERROR: Redis Client Error
[2025-12-19 07:34:15] ERROR: Redis Client Error
[2025-12-19 07:34:17] ERROR: Redis Client Error
[2025-12-19 07:34:19] ERROR: Redis Client Error
[2025-12-19 07:34:21] ERROR: Redis Client Error
[2025-12-19 07:34:23] ERROR: Redis Client Error
[2025-12-19 07:34:25] ERROR: Redis Client Error
[2025-12-19 07:34:27] ERROR: Redis Client Error
[2025-12-19 07:34:29] ERROR: Redis Client Error
[2025-12-19 07:34:31] ERROR: Redis Client Error
[2025-12-19 07:34:33] ERROR: Redis Client Error
[2025-12-19 07:34:35] ERROR: Redis Client Error
[2025-12-19 07:34:37] ERROR: Redis Client Error
[2025-12-19 07:34:40] ERROR: Redis Client Error
[2025-12-19 07:34:42] ERROR: Redis Client Error
[2025-12-19 07:34:44] ERROR: Redis Client Error
[2025-12-19 07:34:46] ERROR: Redis Client Error
[2025-12-19 07:34:48] ERROR: Redis Client Error
[2025-12-19 07:34:50] ERROR: Redis Client Error
[2025-12-19 07:34:52] ERROR: Redis Client Error
[2025-12-19 07:34:55] ERROR: Redis Client Error
[2025-12-19 07:34:57] ERROR: Redis Client Error
[2025-12-19 07:34:59] ERROR: Redis Client Error
[2025-12-19 07:35:01] ERROR: Redis Client Error
[2025-12-19 07:35:03] ERROR: Redis Client Error
[2025-12-19 07:35:05] ERROR: Redis Client Error
[2025-12-19 07:35:07] ERROR: Redis Client Error
[2025-12-19 07:35:09] ERROR: Redis Client Error
[2025-12-19 07:35:11] ERROR: Redis Client Error
[2025-12-19 07:35:13] ERROR: Redis Client Error
[2025-12-19 07:35:15] ERROR: Redis Client Error
[2025-12-19 07:35:18] ERROR: Redis Client Error
[2025-12-19 07:35:20] ERROR: Redis Client Error
[2025-12-19 07:35:22] ERROR: Redis Client Error
[2025-12-19 07:35:24] ERROR: Redis Client Error
[2025-12-19 07:35:26] ERROR: Redis Client Error
[2025-12-19 07:35:28] ERROR: Redis Client Error
[2025-12-19 07:35:30] ERROR: Redis Client Error
[2025-12-19 07:35:32] ERROR: Redis Client Error
[2025-12-19 07:35:34] ERROR: Redis Client Error
[2025-12-19 07:35:37] ERROR: Redis Client Error
[2025-12-19 07:35:39] ERROR: Redis Client Error
[2025-12-19 07:35:41] ERROR: Redis Client Error
[2025-12-19 07:35:43] ERROR: Redis Client Error
[2025-12-19 07:35:45] ERROR: Redis Client Error
[2025-12-19 07:35:47] ERROR: Redis Client Error
[2025-12-19 07:35:49] ERROR: Redis Client Error
[2025-12-19 07:35:51] ERROR: Redis Client Error
[2025-12-19 07:35:53] ERROR: Redis Client Error
[2025-12-19 07:35:55] ERROR: Redis Client Error
[2025-12-19 07:35:57] ERROR: Redis Client Error
[2025-12-19 07:36:00] ERROR: Redis Client Error
[2025-12-19 07:36:02] ERROR: Redis Client Error
[2025-12-19 07:36:04] ERROR: Redis Client Error
[2025-12-19 07:36:06] ERROR: Redis Client Error
[2025-12-19 07:36:08] ERROR: Redis Client Error
[2025-12-19 07:36:10] ERROR: Redis Client Error
[2025-12-19 07:36:12] ERROR: Redis Client Error
[2025-12-19 07:36:14] ERROR: Redis Client Error
[2025-12-19 07:36:16] ERROR: Redis Client Error
[2025-12-19 07:36:18] ERROR: Redis Client Error
[2025-12-19 07:36:20] ERROR: Redis Client Error
[2025-12-19 07:36:23] ERROR: Redis Client Error
[2025-12-19 07:36:25] ERROR: Redis Client Error
[2025-12-19 07:36:27] ERROR: Redis Client Error
[2025-12-19 07:36:29] ERROR: Redis Client Error
[2025-12-19 07:36:31] ERROR: Redis Client Error
[2025-12-19 07:36:33] ERROR: Redis Client Error
[2025-12-19 07:36:35] ERROR: Redis Client Error
[2025-12-19 07:36:37] ERROR: Redis Client Error
[2025-12-19 07:36:40] ERROR: Redis Client Error
[2025-12-19 07:36:42] ERROR: Redis Client Error
[2025-12-19 07:36:44] ERROR: Redis Client Error
[2025-12-19 07:36:46] ERROR: Redis Client Error
[2025-12-19 07:36:48] ERROR: Redis Client Error
[2025-12-19 07:36:50] ERROR: Redis Client Error
[2025-12-19 07:36:52] ERROR: Redis Client Error
[2025-12-19 07:36:54] ERROR: Redis Client Error
[2025-12-19 07:36:56] ERROR: Redis Client Error
[2025-12-19 07:36:58] ERROR: Redis Client Error
[2025-12-19 07:37:00] ERROR: Redis Client Error
[2025-12-19 07:37:02] ERROR: Redis Client Error
[2025-12-19 07:37:05] ERROR: Redis Client Error
[2025-12-19 07:37:07] ERROR: Redis Client Error
[2025-12-19 07:37:09] ERROR: Redis Client Error
[2025-12-19 07:37:11] ERROR: Redis Client Error
[2025-12-19 07:37:13] ERROR: Redis Client Error
[2025-12-19 07:37:15] ERROR: Redis Client Error
[2025-12-19 07:37:17] ERROR: Redis Client Error
[2025-12-19 07:37:19] ERROR: Redis Client Error
[2025-12-19 07:37:21] ERROR: Redis Client Error
[2025-12-19 07:37:23] ERROR: Redis Client Error
[2025-12-19 07:37:25] ERROR: Redis Client Error
[2025-12-19 07:37:28] ERROR: Redis Client Error
[2025-12-19 07:37:30] ERROR: Redis Client Error
[2025-12-19 07:37:32] ERROR: Redis Client Error
[2025-12-19 07:37:34] ERROR: Redis Client Error
[2025-12-19 07:37:36] ERROR: Redis Client Error
[2025-12-19 07:37:38] ERROR: Redis Client Error
[2025-12-19 07:37:40] ERROR: Redis Client Error
[2025-12-19 07:37:42] ERROR: Redis Client Error
[2025-12-19 07:37:44] ERROR: Redis Client Error
[2025-12-19 07:37:47] ERROR: Redis Client Error
[2025-12-19 07:37:49] ERROR: Redis Client Error
[2025-12-19 07:37:51] ERROR: Redis Client Error
[2025-12-19 07:37:53] ERROR: Redis Client Error
[2025-12-19 07:37:55] ERROR: Redis Client Error
[2025-12-19 07:37:57] ERROR: Redis Client Error
[2025-12-19 07:37:59] ERROR: Redis Client Error
[2025-12-19 07:38:02] ERROR: Redis Client Error
[2025-12-19 07:38:04] ERROR: Redis Client Error
[2025-12-19 07:38:06] ERROR: Redis Client Error
[2025-12-19 07:38:08] ERROR: Redis Client Error
[2025-12-19 07:38:10] ERROR: Redis Client Error
[2025-12-19 07:38:12] ERROR: Redis Client Error
[2025-12-19 07:38:14] ERROR: Redis Client Error
[2025-12-19 07:38:16] ERROR: Redis Client Error
[2025-12-19 07:38:18] ERROR: Redis Client Error
[2025-12-19 07:38:20] ERROR: Redis Client Error
[2025-12-19 07:38:22] ERROR: Redis Client Error
[2025-12-19 07:38:25] ERROR: Redis Client Error
[2025-12-19 07:38:27] ERROR: Redis Client Error
[2025-12-19 07:38:29] ERROR: Redis Client Error
[2025-12-19 07:38:31] ERROR: Redis Client Error
[2025-12-19 07:38:33] ERROR: Redis Client Error
[2025-12-19 07:38:35] ERROR: Redis Client Error
[2025-12-19 07:38:37] ERROR: Redis Client Error
[2025-12-19 07:38:39] ERROR: Redis Client Error
[2025-12-19 07:38:41] ERROR: Redis Client Error
[2025-12-19 07:38:44] ERROR: Redis Client Error
[2025-12-19 07:38:46] ERROR: Redis Client Error
[2025-12-19 07:38:48] ERROR: Redis Client Error
[2025-12-19 07:38:50] ERROR: Redis Client Error
[2025-12-19 07:38:52] ERROR: Redis Client Error
[2025-12-19 07:38:54] ERROR: Redis Client Error
[2025-12-19 07:38:56] ERROR: Redis Client Error
[2025-12-19 07:38:58] ERROR: Redis Client Error
[2025-12-19 07:39:00] ERROR: Redis Client Error
[2025-12-19 07:39:03] ERROR: Redis Client Error
[2025-12-19 07:39:05] ERROR: Redis Client Error
[2025-12-19 07:39:07] ERROR: Redis Client Error
[2025-12-19 07:39:09] ERROR: Redis Client Error
[2025-12-19 07:39:11] ERROR: Redis Client Error
[2025-12-19 07:39:13] ERROR: Redis Client Error
[2025-12-19 07:39:15] ERROR: Redis Client Error
[2025-12-19 07:39:17] ERROR: Redis Client Error
[2025-12-19 07:39:19] ERROR: Redis Client Error
[2025-12-19 07:39:22] ERROR: Redis Client Error
[2025-12-19 07:39:24] ERROR: Redis Client Error
[2025-12-19 07:39:26] ERROR: Redis Client Error
[2025-12-19 07:39:28] ERROR: Redis Client Error
[2025-12-19 07:39:30] ERROR: Redis Client Error
[2025-12-19 07:39:32] ERROR: Redis Client Error
[2025-12-19 07:39:34] ERROR: Redis Client Error
[2025-12-19 07:39:36] ERROR: Redis Client Error
[2025-12-19 07:39:39] ERROR: Redis Client Error
[2025-12-19 07:39:41] ERROR: Redis Client Error
[2025-12-19 07:39:43] ERROR: Redis Client Error
[2025-12-19 07:39:45] ERROR: Redis Client Error
[2025-12-19 07:39:47] ERROR: Redis Client Error
[2025-12-19 07:39:49] ERROR: Redis Client Error
[2025-12-19 07:39:51] ERROR: Redis Client Error
[2025-12-19 07:39:53] ERROR: Redis Client Error
[2025-12-19 07:39:55] ERROR: Redis Client Error
[2025-12-19 07:39:58] ERROR: Redis Client Error
[2025-12-19 07:40:00] ERROR: Redis Client Error
[2025-12-19 07:40:02] ERROR: Redis Client Error
[2025-12-19 07:40:04] ERROR: Redis Client Error
[2025-12-19 07:40:06] ERROR: Redis Client Error
[2025-12-19 07:40:08] ERROR: Redis Client Error
[2025-12-19 07:40:10] ERROR: Redis Client Error
[2025-12-19 07:40:12] ERROR: Redis Client Error
[2025-12-19 07:40:14] ERROR: Redis Client Error
[2025-12-19 07:40:16] ERROR: Redis Client Error
[2025-12-19 07:40:18] ERROR: Redis Client Error
[2025-12-19 07:40:21] ERROR: Redis Client Error
[2025-12-19 07:40:23] ERROR: Redis Client Error
[2025-12-19 07:40:25] ERROR: Redis Client Error
[2025-12-19 07:40:27] ERROR: Redis Client Error
[2025-12-19 07:40:29] ERROR: Redis Client Error
[2025-12-19 07:40:31] ERROR: Redis Client Error
[2025-12-19 07:40:33] ERROR: Redis Client Error
[2025-12-19 07:40:35] ERROR: Redis Client Error
[2025-12-19 07:40:37] ERROR: Redis Client Error
[2025-12-19 07:40:39] ERROR: Redis Client Error
[2025-12-19 07:40:41] ERROR: Redis Client Error
[2025-12-19 07:40:44] ERROR: Redis Client Error
[2025-12-19 07:40:46] ERROR: Redis Client Error
[2025-12-19 07:40:48] ERROR: Redis Client Error
[2025-12-19 07:40:50] ERROR: Redis Client Error
[2025-12-19 07:40:52] ERROR: Redis Client Error
[2025-12-19 07:40:54] ERROR: Redis Client Error
[2025-12-19 07:40:57] ERROR: Redis Client Error
[2025-12-19 07:40:59] ERROR: Redis Client Error
[2025-12-19 07:41:01] ERROR: Redis Client Error
[2025-12-19 07:41:03] ERROR: Redis Client Error
[2025-12-19 07:41:05] ERROR: Redis Client Error
[2025-12-19 07:41:07] ERROR: Redis Client Error
[2025-12-19 07:41:09] ERROR: Redis Client Error
[2025-12-19 07:41:11] ERROR: Redis Client Error
[2025-12-19 07:41:13] ERROR: Redis Client Error
[2025-12-19 07:41:15] ERROR: Redis Client Error
[2025-12-19 07:41:17] ERROR: Redis Client Error
[2025-12-19 07:41:20] ERROR: Redis Client Error
[2025-12-19 07:41:22] ERROR: Redis Client Error
[2025-12-19 07:41:24] ERROR: Redis Client Error
[2025-12-19 07:41:26] ERROR: Redis Client Error
[2025-12-19 07:41:28] ERROR: Redis Client Error
[2025-12-19 07:41:30] ERROR: Redis Client Error
[2025-12-19 07:41:32] ERROR: Redis Client Error
[2025-12-19 07:41:34] ERROR: Redis Client Error
[2025-12-19 07:41:36] ERROR: Redis Client Error
[2025-12-19 07:41:38] ERROR: Redis Client Error
[2025-12-19 07:41:40] ERROR: Redis Client Error
[2025-12-19 07:41:42] ERROR: Redis Client Error
[2025-12-19 07:41:45] ERROR: Redis Client Error
[2025-12-19 07:41:47] ERROR: Redis Client Error
[2025-12-19 07:41:49] ERROR: Redis Client Error
[2025-12-19 07:41:51] ERROR: Redis Client Error
[2025-12-19 07:41:53] ERROR: Redis Client Error
[2025-12-19 07:41:55] ERROR: Redis Client Error
[2025-12-19 07:41:57] ERROR: Redis Client Error
[2025-12-19 07:41:59] ERROR: Redis Client Error
[2025-12-19 07:42:01] ERROR: Redis Client Error
[2025-12-19 07:42:03] ERROR: Redis Client Error
[2025-12-19 07:42:06] ERROR: Redis Client Error
[2025-12-19 07:42:08] ERROR: Redis Client Error
[2025-12-19 07:42:10] ERROR: Redis Client Error
[2025-12-19 07:42:12] ERROR: Redis Client Error
[2025-12-19 07:42:14] ERROR: Redis Client Error
[2025-12-19 07:42:16] ERROR: Redis Client Error
[2025-12-19 07:42:18] ERROR: Redis Client Error
[2025-12-19 07:42:20] ERROR: Redis Client Error
[2025-12-19 07:42:22] ERROR: Redis Client Error
[2025-12-19 07:42:24] ERROR: Redis Client Error
[2025-12-19 07:42:27] ERROR: Redis Client Error
[2025-12-19 07:42:29] ERROR: Redis Client Error
[2025-12-19 07:42:31] ERROR: Redis Client Error
[2025-12-19 07:42:33] ERROR: Redis Client Error
[2025-12-19 07:42:35] ERROR: Redis Client Error
[2025-12-19 07:42:37] ERROR: Redis Client Error
[2025-12-19 07:42:39] ERROR: Redis Client Error
[2025-12-19 07:42:41] ERROR: Redis Client Error
[2025-12-19 07:42:43] ERROR: Redis Client Error
[2025-12-19 07:42:46] ERROR: Redis Client Error
[2025-12-19 07:42:48] ERROR: Redis Client Error
[2025-12-19 07:42:50] ERROR: Redis Client Error
[2025-12-19 07:42:52] ERROR: Redis Client Error
[2025-12-19 07:42:54] ERROR: Redis Client Error
[2025-12-19 07:42:56] ERROR: Redis Client Error
[2025-12-19 07:42:58] ERROR: Redis Client Error
[2025-12-19 07:43:00] ERROR: Redis Client Error
[2025-12-19 07:43:02] ERROR: Redis Client Error
[2025-12-19 07:43:04] ERROR: Redis Client Error
[2025-12-19 07:43:07] ERROR: Redis Client Error
[2025-12-19 07:43:09] ERROR: Redis Client Error
[2025-12-19 07:43:11] ERROR: Redis Client Error
[2025-12-19 07:43:13] ERROR: Redis Client Error
[2025-12-19 07:43:15] ERROR: Redis Client Error
[2025-12-19 07:43:17] ERROR: Redis Client Error
[2025-12-19 07:43:19] ERROR: Redis Client Error
[2025-12-19 07:43:21] ERROR: Redis Client Error
[2025-12-19 07:43:24] ERROR: Redis Client Error
[2025-12-19 07:43:26] ERROR: Redis Client Error
[2025-12-19 07:43:28] ERROR: Redis Client Error
[2025-12-19 07:43:30] ERROR: Redis Client Error
[2025-12-19 07:43:32] ERROR: Redis Client Error
[2025-12-19 07:43:34] ERROR: Redis Client Error
[2025-12-19 07:43:36] ERROR: Redis Client Error
[2025-12-19 07:43:38] ERROR: Redis Client Error
[2025-12-19 07:43:40] ERROR: Redis Client Error
[2025-12-19 07:43:42] ERROR: Redis Client Error
[2025-12-19 07:43:44] ERROR: Redis Client Error
[2025-12-19 07:43:47] ERROR: Redis Client Error
[2025-12-19 07:43:49] ERROR: Redis Client Error
[2025-12-19 07:43:51] ERROR: Redis Client Error
[2025-12-19 07:43:53] ERROR: Redis Client Error
[2025-12-19 07:43:55] ERROR: Redis Client Error
[2025-12-19 07:43:57] ERROR: Redis Client Error
[2025-12-19 07:43:59] ERROR: Redis Client Error
[2025-12-19 07:44:01] ERROR: Redis Client Error
[2025-12-19 07:44:04] ERROR: Redis Client Error
[2025-12-19 07:44:06] ERROR: Redis Client Error
[2025-12-19 07:44:08] ERROR: Redis Client Error
[2025-12-19 07:44:10] ERROR: Redis Client Error
[2025-12-19 07:44:12] ERROR: Redis Client Error
[2025-12-19 07:44:14] ERROR: Redis Client Error
[2025-12-19 07:44:16] ERROR: Redis Client Error
[2025-12-19 07:44:18] ERROR: Redis Client Error
[2025-12-19 07:44:21] ERROR: Redis Client Error
[2025-12-19 07:44:23] ERROR: Redis Client Error
[2025-12-19 07:44:25] ERROR: Redis Client Error
[2025-12-19 07:44:27] ERROR: Redis Client Error
[2025-12-19 07:44:29] ERROR: Redis Client Error
[2025-12-19 07:44:31] ERROR: Redis Client Error
[2025-12-19 07:44:33] ERROR: Redis Client Error
[2025-12-19 07:44:35] ERROR: Redis Client Error
[2025-12-19 07:44:38] ERROR: Redis Client Error
[2025-12-19 07:44:40] ERROR: Redis Client Error
[2025-12-19 07:44:42] ERROR: Redis Client Error
[2025-12-19 07:44:44] ERROR: Redis Client Error
[2025-12-19 07:44:46] ERROR: Redis Client Error
[2025-12-19 07:44:48] ERROR: Redis Client Error
[2025-12-19 07:44:50] ERROR: Redis Client Error
[2025-12-19 07:44:52] ERROR: Redis Client Error
[2025-12-19 07:44:54] ERROR: Redis Client Error
[2025-12-19 07:44:57] ERROR: Redis Client Error
[2025-12-19 07:44:59] ERROR: Redis Client Error
[2025-12-19 07:45:01] ERROR: Redis Client Error
[2025-12-19 07:45:03] ERROR: Redis Client Error
[2025-12-19 07:45:05] ERROR: Redis Client Error
[2025-12-19 07:45:07] ERROR: Redis Client Error
[2025-12-19 07:45:09] ERROR: Redis Client Error
[2025-12-19 07:45:11] ERROR: Redis Client Error
[2025-12-19 07:45:13] ERROR: Redis Client Error
[2025-12-19 07:45:15] ERROR: Redis Client Error
[2025-12-19 07:45:17] ERROR: Redis Client Error
[2025-12-19 07:45:20] ERROR: Redis Client Error
[2025-12-19 07:45:22] ERROR: Redis Client Error
[2025-12-19 07:45:24] ERROR: Redis Client Error
[2025-12-19 07:45:26] ERROR: Redis Client Error
[2025-12-19 07:45:28] ERROR: Redis Client Error
[2025-12-19 07:45:30] ERROR: Redis Client Error
[2025-12-19 07:45:32] ERROR: Redis Client Error
[2025-12-19 07:45:34] ERROR: Redis Client Error
[2025-12-19 07:45:37] ERROR: Redis Client Error
[2025-12-19 07:45:39] ERROR: Redis Client Error
[2025-12-19 07:45:41] ERROR: Redis Client Error
[2025-12-19 07:45:43] ERROR: Redis Client Error
[2025-12-19 07:45:45] ERROR: Redis Client Error
[2025-12-19 07:45:47] ERROR: Redis Client Error
[2025-12-19 07:45:50] ERROR: Redis Client Error
[2025-12-19 07:45:52] ERROR: Redis Client Error
[2025-12-19 07:45:54] ERROR: Redis Client Error
[2025-12-19 07:45:56] ERROR: Redis Client Error
[2025-12-19 07:45:58] ERROR: Redis Client Error
[2025-12-19 07:46:00] ERROR: Redis Client Error
[2025-12-19 07:46:02] ERROR: Redis Client Error
[2025-12-19 07:46:04] ERROR: Redis Client Error
[2025-12-19 07:46:06] ERROR: Redis Client Error
[2025-12-19 07:46:08] ERROR: Redis Client Error
[2025-12-19 07:46:11] ERROR: Redis Client Error
[2025-12-19 07:46:13] ERROR: Redis Client Error
[2025-12-19 07:46:15] ERROR: Redis Client Error
[2025-12-19 07:46:17] ERROR: Redis Client Error
[2025-12-19 07:46:19] ERROR: Redis Client Error
[2025-12-19 07:46:21] ERROR: Redis Client Error
[2025-12-19 07:46:23] ERROR: Redis Client Error
[2025-12-19 07:46:25] ERROR: Redis Client Error
[2025-12-19 07:46:27] ERROR: Redis Client Error
[2025-12-19 07:46:29] ERROR: Redis Client Error
[2025-12-19 07:46:32] ERROR: Redis Client Error
[2025-12-19 07:46:34] ERROR: Redis Client Error
[2025-12-19 07:46:36] ERROR: Redis Client Error
[2025-12-19 07:46:38] ERROR: Redis Client Error
[2025-12-19 07:46:40] ERROR: Redis Client Error
[2025-12-19 07:46:42] ERROR: Redis Client Error
[2025-12-19 07:46:44] ERROR: Redis Client Error
[2025-12-19 07:46:46] ERROR: Redis Client Error
[2025-12-19 07:46:48] ERROR: Redis Client Error
[2025-12-19 07:46:51] ERROR: Redis Client Error
[2025-12-19 07:46:53] ERROR: Redis Client Error
[2025-12-19 07:46:55] ERROR: Redis Client Error
[2025-12-19 07:46:57] ERROR: Redis Client Error
[2025-12-19 07:46:59] ERROR: Redis Client Error
[2025-12-19 07:47:01] ERROR: Redis Client Error
[2025-12-19 07:47:03] ERROR: Redis Client Error
[2025-12-19 07:47:05] ERROR: Redis Client Error
[2025-12-19 07:47:07] ERROR: Redis Client Error
[2025-12-19 07:47:10] ERROR: Redis Client Error
[2025-12-19 07:47:12] ERROR: Redis Client Error
[2025-12-19 07:47:14] ERROR: Redis Client Error
[2025-12-19 07:47:16] ERROR: Redis Client Error
[2025-12-19 07:47:18] ERROR: Redis Client Error
[2025-12-19 07:47:20] ERROR: Redis Client Error
[2025-12-19 07:47:22] ERROR: Redis Client Error
[2025-12-19 07:47:24] ERROR: Redis Client Error
[2025-12-19 07:47:27] ERROR: Redis Client Error
[2025-12-19 07:47:29] ERROR: Redis Client Error
[2025-12-19 07:47:31] ERROR: Redis Client Error
[2025-12-19 07:47:33] ERROR: Redis Client Error
[2025-12-19 07:47:35] ERROR: Redis Client Error
[2025-12-19 07:47:37] ERROR: Redis Client Error
[2025-12-19 07:47:39] ERROR: Redis Client Error
[2025-12-19 07:47:41] ERROR: Redis Client Error
[2025-12-19 07:47:43] ERROR: Redis Client Error
[2025-12-19 07:47:45] ERROR: Redis Client Error
[2025-12-19 07:47:48] ERROR: Redis Client Error
[2025-12-19 07:47:50] ERROR: Redis Client Error
[2025-12-19 07:47:52] ERROR: Redis Client Error
[2025-12-19 07:47:54] ERROR: Redis Client Error
[2025-12-19 07:47:56] ERROR: Redis Client Error
[2025-12-19 07:47:58] ERROR: Redis Client Error
[2025-12-19 07:48:00] ERROR: Redis Client Error
[2025-12-19 07:48:02] ERROR: Redis Client Error
[2025-12-19 07:48:05] ERROR: Redis Client Error
[2025-12-19 07:48:07] ERROR: Redis Client Error
[2025-12-19 07:48:09] ERROR: Redis Client Error
[2025-12-19 07:48:11] ERROR: Redis Client Error
[2025-12-19 07:48:13] ERROR: Redis Client Error
[2025-12-19 07:48:15] ERROR: Redis Client Error
[2025-12-19 07:48:17] ERROR: Redis Client Error
[2025-12-19 07:48:19] ERROR: Redis Client Error
[2025-12-19 07:48:22] ERROR: Redis Client Error
[2025-12-19 07:48:24] ERROR: Redis Client Error
[2025-12-19 07:48:26] ERROR: Redis Client Error
[2025-12-19 07:48:28] ERROR: Redis Client Error
[2025-12-19 07:48:30] ERROR: Redis Client Error
[2025-12-19 07:48:32] ERROR: Redis Client Error
[2025-12-19 07:48:34] ERROR: Redis Client Error
[2025-12-19 07:48:36] ERROR: Redis Client Error
[2025-12-19 07:48:39] ERROR: Redis Client Error
[2025-12-19 07:48:41] ERROR: Redis Client Error
[2025-12-19 07:48:43] ERROR: Redis Client Error
[2025-12-19 07:48:45] ERROR: Redis Client Error
[2025-12-19 07:48:47] ERROR: Redis Client Error
[2025-12-19 07:48:49] ERROR: Redis Client Error
[2025-12-19 07:48:51] ERROR: Redis Client Error
[2025-12-19 07:48:53] ERROR: Redis Client Error
[2025-12-19 07:48:55] ERROR: Redis Client Error
[2025-12-19 07:48:58] ERROR: Redis Client Error
[2025-12-19 07:49:00] ERROR: Redis Client Error
[2025-12-19 07:49:02] ERROR: Redis Client Error
[2025-12-19 07:49:04] ERROR: Redis Client Error
[2025-12-19 07:49:06] ERROR: Redis Client Error
[2025-12-19 07:49:08] ERROR: Redis Client Error
[2025-12-19 07:49:10] ERROR: Redis Client Error
[2025-12-19 07:49:12] ERROR: Redis Client Error
[2025-12-19 07:49:15] ERROR: Redis Client Error
[2025-12-19 07:49:17] ERROR: Redis Client Error
[2025-12-19 07:49:19] ERROR: Redis Client Error
[2025-12-19 07:49:21] ERROR: Redis Client Error
[2025-12-19 07:49:23] ERROR: Redis Client Error
[2025-12-19 07:49:25] ERROR: Redis Client Error
[2025-12-19 07:49:27] ERROR: Redis Client Error
[2025-12-19 07:49:29] ERROR: Redis Client Error
[2025-12-19 07:49:31] ERROR: Redis Client Error
[2025-12-19 07:49:33] ERROR: Redis Client Error
[2025-12-19 07:49:35] ERROR: Redis Client Error
[2025-12-19 07:49:37] ERROR: Redis Client Error
[2025-12-19 07:49:40] ERROR: Redis Client Error
[2025-12-19 07:49:42] ERROR: Redis Client Error
[2025-12-19 07:49:44] ERROR: Redis Client Error
[2025-12-19 07:49:46] ERROR: Redis Client Error
[2025-12-19 07:49:48] ERROR: Redis Client Error
[2025-12-19 07:49:50] ERROR: Redis Client Error
[2025-12-19 07:49:52] ERROR: Redis Client Error
[2025-12-19 07:49:54] ERROR: Redis Client Error
[2025-12-19 07:49:56] ERROR: Redis Client Error
[2025-12-19 07:49:59] ERROR: Redis Client Error
[2025-12-19 07:50:01] ERROR: Redis Client Error
[2025-12-19 07:50:03] ERROR: Redis Client Error
[2025-12-19 07:50:05] ERROR: Redis Client Error
[2025-12-19 07:50:07] ERROR: Redis Client Error
[2025-12-19 07:50:09] ERROR: Redis Client Error
[2025-12-19 07:50:11] ERROR: Redis Client Error
[2025-12-19 07:50:13] ERROR: Redis Client Error
[2025-12-19 07:50:15] ERROR: Redis Client Error
[2025-12-19 07:50:18] ERROR: Redis Client Error
[2025-12-19 07:50:20] ERROR: Redis Client Error
[2025-12-19 07:50:22] ERROR: Redis Client Error
[2025-12-19 07:50:24] ERROR: Redis Client Error
[2025-12-19 07:50:26] ERROR: Redis Client Error
[2025-12-19 07:50:28] ERROR: Redis Client Error
[2025-12-19 07:50:30] ERROR: Redis Client Error
[2025-12-19 07:50:33] ERROR: Redis Client Error
[2025-12-19 07:50:35] ERROR: Redis Client Error
[2025-12-19 07:50:37] ERROR: Redis Client Error
[2025-12-19 07:50:39] ERROR: Redis Client Error
[2025-12-19 07:50:41] ERROR: Redis Client Error
[2025-12-19 07:50:43] ERROR: Redis Client Error
[2025-12-19 07:50:45] ERROR: Redis Client Error
[2025-12-19 07:50:47] ERROR: Redis Client Error
[2025-12-19 07:50:49] ERROR: Redis Client Error
[2025-12-19 07:50:52] ERROR: Redis Client Error
[2025-12-19 07:50:54] ERROR: Redis Client Error
[2025-12-19 07:50:56] ERROR: Redis Client Error
[2025-12-19 07:50:58] ERROR: Redis Client Error
[2025-12-19 07:51:00] ERROR: Redis Client Error
[2025-12-19 07:51:02] ERROR: Redis Client Error
[2025-12-19 07:51:04] ERROR: Redis Client Error
[2025-12-19 07:51:06] ERROR: Redis Client Error
[2025-12-19 07:51:08] ERROR: Redis Client Error
[2025-12-19 07:51:11] ERROR: Redis Client Error
[2025-12-19 07:51:13] ERROR: Redis Client Error
[2025-12-19 07:51:15] ERROR: Redis Client Error
[2025-12-19 07:51:17] ERROR: Redis Client Error
[2025-12-19 07:51:19] ERROR: Redis Client Error
[2025-12-19 07:51:21] ERROR: Redis Client Error
[2025-12-19 07:51:23] ERROR: Redis Client Error
[2025-12-19 07:51:25] ERROR: Redis Client Error
[2025-12-19 07:51:27] ERROR: Redis Client Error
[2025-12-19 07:51:29] ERROR: Redis Client Error
[2025-12-19 07:51:31] ERROR: Redis Client Error
[2025-12-19 07:51:34] ERROR: Redis Client Error
[2025-12-19 07:51:36] ERROR: Redis Client Error
[2025-12-19 07:51:38] ERROR: Redis Client Error
[2025-12-19 07:51:40] ERROR: Redis Client Error
[2025-12-19 07:51:42] ERROR: Redis Client Error
[2025-12-19 07:51:44] ERROR: Redis Client Error
[2025-12-19 07:51:46] ERROR: Redis Client Error
[2025-12-19 07:51:48] ERROR: Redis Client Error
[2025-12-19 07:51:51] ERROR: Redis Client Error
[2025-12-19 07:51:53] ERROR: Redis Client Error
[2025-12-19 07:51:55] ERROR: Redis Client Error
[2025-12-19 07:51:57] ERROR: Redis Client Error
[2025-12-19 07:51:59] ERROR: Redis Client Error
[2025-12-19 07:52:01] ERROR: Redis Client Error
[2025-12-19 07:52:03] ERROR: Redis Client Error
[2025-12-19 07:52:05] ERROR: Redis Client Error
[2025-12-19 07:52:08] ERROR: Redis Client Error
[2025-12-19 07:52:10] ERROR: Redis Client Error
[2025-12-19 07:52:12] ERROR: Redis Client Error
[2025-12-19 07:52:14] ERROR: Redis Client Error
[2025-12-19 07:52:16] ERROR: Redis Client Error
[2025-12-19 07:52:18] ERROR: Redis Client Error
[2025-12-19 07:52:20] ERROR: Redis Client Error
[2025-12-19 07:52:22] ERROR: Redis Client Error
[2025-12-19 07:52:24] ERROR: Redis Client Error
[2025-12-19 07:52:26] ERROR: Redis Client Error
[2025-12-19 07:52:29] ERROR: Redis Client Error
[2025-12-19 07:52:31] ERROR: Redis Client Error
[2025-12-19 07:52:33] ERROR: Redis Client Error
[2025-12-19 07:52:35] ERROR: Redis Client Error
[2025-12-19 07:52:37] ERROR: Redis Client Error
[2025-12-19 07:52:39] ERROR: Redis Client Error
[2025-12-19 07:52:42] ERROR: Redis Client Error
[2025-12-19 07:52:44] ERROR: Redis Client Error
[2025-12-19 07:52:46] ERROR: Redis Client Error
[2025-12-19 07:52:48] ERROR: Redis Client Error
[2025-12-19 07:52:50] ERROR: Redis Client Error
[2025-12-19 07:52:52] ERROR: Redis Client Error
[2025-12-19 07:52:54] ERROR: Redis Client Error
[2025-12-19 07:52:56] ERROR: Redis Client Error
[2025-12-19 07:52:59] ERROR: Redis Client Error
[2025-12-19 07:53:01] ERROR: Redis Client Error
[2025-12-19 07:53:03] ERROR: Redis Client Error
[2025-12-19 07:53:05] ERROR: Redis Client Error
[2025-12-19 07:53:07] ERROR: Redis Client Error
[2025-12-19 07:53:09] ERROR: Redis Client Error
[2025-12-19 07:53:11] ERROR: Redis Client Error
[2025-12-19 07:53:14] ERROR: Redis Client Error
[2025-12-19 07:53:16] ERROR: Redis Client Error
[2025-12-19 07:53:18] ERROR: Redis Client Error
[2025-12-19 07:53:20] ERROR: Redis Client Error
[2025-12-19 07:53:22] ERROR: Redis Client Error
[2025-12-19 07:53:24] ERROR: Redis Client Error
[2025-12-19 07:53:26] ERROR: Redis Client Error
[2025-12-19 07:53:29] ERROR: Redis Client Error
[2025-12-19 07:53:31] ERROR: Redis Client Error
[2025-12-19 07:53:33] ERROR: Redis Client Error
[2025-12-19 07:53:35] ERROR: Redis Client Error
[2025-12-19 07:53:37] ERROR: Redis Client Error
[2025-12-19 07:53:39] ERROR: Redis Client Error
[2025-12-19 07:53:41] ERROR: Redis Client Error
[2025-12-19 07:53:43] ERROR: Redis Client Error
[2025-12-19 07:53:46] ERROR: Redis Client Error
[2025-12-19 07:53:48] ERROR: Redis Client Error
[2025-12-19 07:53:50] ERROR: Redis Client Error
[2025-12-19 07:53:52] ERROR: Redis Client Error
[2025-12-19 07:53:54] ERROR: Redis Client Error
[2025-12-19 07:53:56] ERROR: Redis Client Error
[2025-12-19 07:53:58] ERROR: Redis Client Error
[2025-12-19 07:54:00] ERROR: Redis Client Error
[2025-12-19 07:54:02] ERROR: Redis Client Error
[2025-12-19 07:54:05] ERROR: Redis Client Error
[2025-12-19 07:54:07] ERROR: Redis Client Error
[2025-12-19 07:54:09] ERROR: Redis Client Error
[2025-12-19 07:54:11] ERROR: Redis Client Error
[2025-12-19 07:54:13] ERROR: Redis Client Error
[2025-12-19 07:54:15] ERROR: Redis Client Error
[2025-12-19 07:54:17] ERROR: Redis Client Error
[2025-12-19 07:54:19] ERROR: Redis Client Error
[2025-12-19 07:54:21] ERROR: Redis Client Error
[2025-12-19 07:54:23] ERROR: Redis Client Error
[2025-12-19 07:54:26] ERROR: Redis Client Error
[2025-12-19 07:54:28] ERROR: Redis Client Error
[2025-12-19 07:54:30] ERROR: Redis Client Error
[2025-12-19 07:54:32] ERROR: Redis Client Error
[2025-12-19 07:54:34] ERROR: Redis Client Error
[2025-12-19 07:54:36] ERROR: Redis Client Error
[2025-12-19 07:54:38] ERROR: Redis Client Error
[2025-12-19 07:54:40] ERROR: Redis Client Error
[2025-12-19 07:54:42] ERROR: Redis Client Error
[2025-12-19 07:54:44] ERROR: Redis Client Error
[2025-12-19 07:54:47] ERROR: Redis Client Error
[2025-12-19 07:54:49] ERROR: Redis Client Error
[2025-12-19 07:54:51] ERROR: Redis Client Error
[2025-12-19 07:54:53] ERROR: Redis Client Error
[2025-12-19 07:54:55] ERROR: Redis Client Error
[2025-12-19 07:54:57] ERROR: Redis Client Error
[2025-12-19 07:54:59] ERROR: Redis Client Error
[2025-12-19 07:55:02] ERROR: Redis Client Error
[2025-12-19 07:55:04] ERROR: Redis Client Error
[2025-12-19 07:55:06] ERROR: Redis Client Error
[2025-12-19 07:55:08] ERROR: Redis Client Error
[2025-12-19 07:55:10] ERROR: Redis Client Error
[2025-12-19 07:55:12] ERROR: Redis Client Error
[2025-12-19 07:55:14] ERROR: Redis Client Error
[2025-12-19 07:55:16] ERROR: Redis Client Error
[2025-12-19 07:55:18] ERROR: Redis Client Error
[2025-12-19 07:55:20] ERROR: Redis Client Error
[2025-12-19 07:55:23] ERROR: Redis Client Error
[2025-12-19 07:55:25] ERROR: Redis Client Error
[2025-12-19 07:55:27] ERROR: Redis Client Error
[2025-12-19 07:55:29] ERROR: Redis Client Error
[2025-12-19 07:55:31] ERROR: Redis Client Error
[2025-12-19 07:55:33] ERROR: Redis Client Error
[2025-12-19 07:55:35] ERROR: Redis Client Error
[2025-12-19 07:55:37] ERROR: Redis Client Error
[2025-12-19 07:55:39] ERROR: Redis Client Error
[2025-12-19 07:55:41] ERROR: Redis Client Error
[2025-12-19 07:55:43] ERROR: Redis Client Error
[2025-12-19 07:55:45] ERROR: Redis Client Error
[2025-12-19 07:55:48] ERROR: Redis Client Error
[2025-12-19 07:55:50] ERROR: Redis Client Error
[2025-12-19 07:55:52] ERROR: Redis Client Error
[2025-12-19 07:55:54] ERROR: Redis Client Error
[2025-12-19 07:55:56] ERROR: Redis Client Error
[2025-12-19 07:55:58] ERROR: Redis Client Error
[2025-12-19 07:56:00] ERROR: Redis Client Error
