[2025-12-18 02:35:02] INFO: ========================================
[2025-12-18 02:35:02] INFO: 🚀 Backend listening on http://localhost:4000
[2025-12-18 02:35:02] INFO: NODE_ENV           : development
[2025-12-18 02:35:02] INFO: FRONTEND_ORIGIN(s) : http://localhost:3000, http://127.0.0.1:3000, http://localhost:3001, http://127.0.0.1:3001, http://localhost:5173, http://127.0.0.1:5173, https://arkwork.vercel.app, https://arkwork-staging.vercel.app
[2025-12-18 02:35:02] INFO: ✅ Billing CRON     : loaded
[2025-12-18 02:35:02] INFO: ✅ Redis Session    : connected & active
[2025-12-18 02:35:02] INFO: ✅ Rate Limiting    : enabled (Targeted)
[2025-12-18 02:35:02] INFO: ✅ Security Headers : enabled (Helmet)
[2025-12-18 02:35:02] INFO: ✅ Logging System   : enabled (Winston)
[2025-12-18 02:35:02] INFO: ========================================
[2025-12-18 02:35:02] ERROR: Redis Client Error
[2025-12-18 02:38:37] INFO: ========================================
[2025-12-18 02:38:37] INFO: 🚀 Backend listening on http://localhost:4000
[2025-12-18 02:38:37] INFO: NODE_ENV           : development
[2025-12-18 02:38:37] INFO: FRONTEND_ORIGIN(s) : http://localhost:3000, http://127.0.0.1:3000, http://localhost:3001, http://127.0.0.1:3001, http://localhost:5173, http://127.0.0.1:5173, https://arkwork.vercel.app, https://arkwork-staging.vercel.app
[2025-12-18 02:38:37] INFO: ✅ Billing CRON     : loaded
[2025-12-18 02:38:37] INFO: ✅ Redis Session    : connected & active
[2025-12-18 02:38:37] INFO: ✅ Rate Limiting    : enabled (Targeted)
[2025-12-18 02:38:37] INFO: ✅ Security Headers : enabled (Helmet)
[2025-12-18 02:38:37] INFO: ✅ Logging System   : enabled (Winston)
[2025-12-18 02:38:37] INFO: ========================================
[2025-12-18 02:38:37] ERROR: Redis Client Error
[2025-12-18 02:43:50] INFO: ========================================
[2025-12-18 02:43:50] INFO: 🚀 Backend listening on http://localhost:4000
[2025-12-18 02:43:50] INFO: NODE_ENV           : development
[2025-12-18 02:43:50] INFO: FRONTEND_ORIGIN(s) : http://localhost:3000, http://127.0.0.1:3000, http://localhost:3001, http://127.0.0.1:3001, http://localhost:5173, http://127.0.0.1:5173, https://arkwork.vercel.app, https://arkwork-staging.vercel.app
[2025-12-18 02:43:50] INFO: ✅ Billing CRON     : loaded
[2025-12-18 02:43:50] INFO: ✅ Redis Session    : connected & active
[2025-12-18 02:43:50] INFO: ✅ Rate Limiting    : enabled (Targeted)
[2025-12-18 02:43:50] INFO: ✅ Security Headers : enabled (Helmet)
[2025-12-18 02:43:50] INFO: ✅ Logging System   : enabled (Winston)
[2025-12-18 02:43:50] INFO: ========================================
[2025-12-18 02:43:50] ERROR: Redis Client Error
[2025-12-18 02:43:50] ERROR: Redis Client Error
[2025-12-18 02:43:51] ERROR: Redis Client Error
[2025-12-18 02:43:51] ERROR: Redis Client Error
[2025-12-18 02:43:52] ERROR: Redis Client Error
[2025-12-18 02:43:52] ERROR: Redis Client Error
[2025-12-18 02:43:54] ERROR: Redis Client Error
[2025-12-18 02:43:56] ERROR: Redis Client Error
[2025-12-18 02:43:58] ERROR: Redis Client Error
[2025-12-18 02:44:00] ERROR: Redis Client Error
[2025-12-18 02:44:02] ERROR: Redis Client Error
[2025-12-18 02:44:05] ERROR: Redis Client Error
[2025-12-18 02:44:07] ERROR: Redis Client Error
[2025-12-18 02:44:09] ERROR: Redis Client Error
[2025-12-18 02:44:11] ERROR: Redis Client Error
[2025-12-18 02:44:13] ERROR: Redis Client Error
[2025-12-18 02:44:15] ERROR: Redis Client Error
[2025-12-18 02:44:17] ERROR: Redis Client Error
[2025-12-18 02:44:19] ERROR: Redis Client Error
[2025-12-18 02:44:21] ERROR: Redis Client Error
[2025-12-18 03:27:01] INFO: ========================================
[2025-12-18 03:27:01] INFO: 🚀 Backend listening on http://localhost:4000
[2025-12-18 03:27:01] INFO: NODE_ENV           : development
[2025-12-18 03:27:01] INFO: FRONTEND_ORIGIN(s) : http://localhost:3000, http://127.0.0.1:3000, http://localhost:3001, http://127.0.0.1:3001, http://localhost:5173, http://127.0.0.1:5173, https://arkwork.vercel.app, https://arkwork-staging.vercel.app
[2025-12-18 03:27:01] INFO: ✅ Billing CRON     : loaded
[2025-12-18 03:27:01] INFO: ✅ Redis Session    : connected & active
[2025-12-18 03:27:01] INFO: ✅ Rate Limiting    : enabled (Targeted)
[2025-12-18 03:27:01] INFO: ✅ Security Headers : enabled (Helmet)
[2025-12-18 03:27:01] INFO: ✅ Logging System   : enabled (Winston)
[2025-12-18 03:27:01] INFO: ========================================
[2025-12-18 03:27:01] ERROR: Redis Client Error
[2025-12-18 03:27:01] ERROR: Redis Client Error
[2025-12-18 03:27:01] ERROR: Redis Client Error
[2025-12-18 03:27:01] ERROR: Redis Client Error
[2025-12-18 03:27:02] ERROR: Redis Client Error
[2025-12-18 03:27:03] ERROR: Redis Client Error
[2025-12-18 03:27:04] ERROR: Redis Client Error
[2025-12-18 03:27:06] ERROR: Redis Client Error
[2025-12-18 03:27:08] ERROR: Redis Client Error
[2025-12-18 03:27:11] ERROR: Redis Client Error
[2025-12-18 03:27:13] ERROR: Redis Client Error
[2025-12-18 03:27:15] ERROR: Redis Client Error
[2025-12-18 03:27:17] ERROR: Redis Client Error
[2025-12-18 03:27:19] ERROR: Redis Client Error
[2025-12-18 03:27:21] ERROR: Redis Client Error
[2025-12-18 03:27:23] ERROR: Redis Client Error
[2025-12-18 03:27:25] ERROR: Redis Client Error
[2025-12-18 03:27:27] ERROR: Redis Client Error
[2025-12-18 03:27:29] ERROR: Redis Client Error
[2025-12-18 03:27:32] ERROR: Redis Client Error
[2025-12-18 03:27:34] ERROR: Redis Client Error
[2025-12-18 03:27:36] ERROR: Redis Client Error
[2025-12-18 03:27:38] ERROR: Redis Client Error
[2025-12-18 03:27:40] ERROR: Redis Client Error
[2025-12-18 03:27:42] ERROR: Redis Client Error
[2025-12-18 03:27:44] ERROR: Redis Client Error
[2025-12-18 03:27:46] ERROR: Redis Client Error
[2025-12-18 03:27:49] ERROR: Redis Client Error
[2025-12-18 03:27:51] ERROR: Redis Client Error
[2025-12-18 03:27:53] ERROR: Redis Client Error
[2025-12-18 03:27:55] ERROR: Redis Client Error
[2025-12-18 03:27:57] ERROR: Redis Client Error
[2025-12-18 03:27:59] ERROR: Redis Client Error
[2025-12-18 03:28:01] ERROR: Redis Client Error
[2025-12-18 03:28:03] ERROR: Redis Client Error
[2025-12-18 03:28:05] ERROR: Redis Client Error
[2025-12-18 03:28:07] ERROR: Redis Client Error
[2025-12-18 03:28:10] ERROR: Redis Client Error
[2025-12-18 03:28:12] ERROR: Redis Client Error
[2025-12-18 03:28:14] ERROR: Redis Client Error
[2025-12-18 03:28:16] ERROR: Redis Client Error
[2025-12-18 03:28:18] ERROR: Redis Client Error
[2025-12-18 03:28:20] ERROR: Redis Client Error
[2025-12-18 03:28:22] ERROR: Redis Client Error
[2025-12-18 03:28:24] ERROR: Redis Client Error
[2025-12-18 03:28:27] ERROR: Redis Client Error
[2025-12-18 03:28:29] ERROR: Redis Client Error
[2025-12-18 03:28:31] ERROR: Redis Client Error
[2025-12-18 03:28:31] ERROR: Global Error: 
Invalid `prisma.tender.findMany()` invocation in
/media/rizky/New Volume/ArkWork/backend/src/routes/tenders.ts:55:21

  52 if (contractStr && (Prisma as any).Contract?.[contractStr]) where.contract = (Prisma as any).Contract[contractStr];
  53 
  54 const [items, total] = await Promise.all([
→ 55   prisma.tender.findMany(
Database `arkdb` does not exist
[2025-12-18 03:28:31] ERROR: Global Error: 
Invalid `prisma.tender.findMany()` invocation in
/media/rizky/New Volume/ArkWork/backend/src/routes/tenders.ts:55:21

  52 if (contractStr && (Prisma as any).Contract?.[contractStr]) where.contract = (Prisma as any).Contract[contractStr];
  53 
  54 const [items, total] = await Promise.all([
→ 55   prisma.tender.findMany(
Database `arkdb` does not exist
[2025-12-18 03:28:33] ERROR: Redis Client Error
[2025-12-18 03:28:35] ERROR: Redis Client Error
[2025-12-18 03:31:28] INFO: ========================================
[2025-12-18 03:31:28] INFO: 🚀 Backend listening on http://localhost:4000
[2025-12-18 03:31:28] INFO: NODE_ENV           : development
[2025-12-18 03:31:28] INFO: FRONTEND_ORIGIN(s) : http://localhost:3000, http://127.0.0.1:3000, http://localhost:3001, http://127.0.0.1:3001, http://localhost:5173, http://127.0.0.1:5173, https://arkwork.vercel.app, https://arkwork-staging.vercel.app
[2025-12-18 03:31:28] INFO: ✅ Billing CRON     : loaded
[2025-12-18 03:31:28] INFO: ✅ Redis Session    : connected & active
[2025-12-18 03:31:28] INFO: ✅ Rate Limiting    : enabled (Targeted)
[2025-12-18 03:31:28] INFO: ✅ Security Headers : enabled (Helmet)
[2025-12-18 03:31:28] INFO: ✅ Logging System   : enabled (Winston)
[2025-12-18 03:31:28] INFO: ========================================
[2025-12-18 03:31:28] ERROR: Redis Client Error
[2025-12-18 03:31:28] ERROR: Redis Client Error
[2025-12-18 03:31:28] ERROR: Redis Client Error
[2025-12-18 03:31:28] ERROR: Redis Client Error
[2025-12-18 03:31:29] ERROR: Redis Client Error
[2025-12-18 03:31:30] ERROR: Redis Client Error
[2025-12-18 03:31:31] ERROR: Redis Client Error
[2025-12-18 03:31:34] ERROR: Redis Client Error
[2025-12-18 03:31:36] ERROR: Redis Client Error
[2025-12-18 03:31:38] ERROR: Redis Client Error
[2025-12-18 03:31:40] ERROR: Redis Client Error
[2025-12-18 03:31:42] ERROR: Redis Client Error
[2025-12-18 03:31:44] ERROR: Redis Client Error
[2025-12-18 03:31:46] ERROR: Redis Client Error
[2025-12-18 03:31:48] ERROR: Redis Client Error
[2025-12-18 03:31:50] ERROR: Redis Client Error
[2025-12-18 03:31:52] ERROR: Redis Client Error
[2025-12-18 03:31:54] ERROR: Redis Client Error
[2025-12-18 03:31:57] ERROR: Redis Client Error
[2025-12-18 03:31:59] ERROR: Redis Client Error
[2025-12-18 03:32:01] ERROR: Redis Client Error
[2025-12-18 03:32:03] ERROR: Redis Client Error
[2025-12-18 03:32:05] ERROR: Redis Client Error
[2025-12-18 03:32:07] ERROR: Redis Client Error
[2025-12-18 03:32:09] ERROR: Redis Client Error
[2025-12-18 03:32:12] ERROR: Redis Client Error
[2025-12-18 03:32:14] ERROR: Redis Client Error
[2025-12-18 03:32:16] ERROR: Redis Client Error
[2025-12-18 03:32:18] ERROR: Redis Client Error
[2025-12-18 03:32:20] ERROR: Redis Client Error
[2025-12-18 03:32:22] ERROR: Redis Client Error
[2025-12-18 03:32:24] ERROR: Redis Client Error
[2025-12-18 03:32:26] ERROR: Redis Client Error
[2025-12-18 03:32:29] ERROR: Redis Client Error
[2025-12-18 03:32:31] ERROR: Redis Client Error
[2025-12-18 03:32:33] ERROR: Redis Client Error
[2025-12-18 03:32:35] ERROR: Redis Client Error
[2025-12-18 03:32:37] ERROR: Redis Client Error
[2025-12-18 03:32:39] ERROR: Redis Client Error
[2025-12-18 03:32:41] ERROR: Redis Client Error
[2025-12-18 03:32:43] ERROR: Redis Client Error
[2025-12-18 03:32:45] ERROR: Redis Client Error
[2025-12-18 03:32:48] ERROR: Redis Client Error
[2025-12-18 03:32:50] ERROR: Redis Client Error
[2025-12-18 03:32:52] ERROR: Redis Client Error
[2025-12-18 03:32:54] ERROR: Redis Client Error
[2025-12-18 03:32:56] ERROR: Redis Client Error
[2025-12-18 03:32:58] ERROR: Redis Client Error
[2025-12-18 03:33:00] ERROR: Redis Client Error
[2025-12-18 03:33:03] ERROR: Redis Client Error
[2025-12-18 03:33:05] ERROR: Redis Client Error
[2025-12-18 03:33:07] ERROR: Redis Client Error
[2025-12-18 03:33:09] ERROR: Redis Client Error
[2025-12-18 03:33:11] ERROR: Redis Client Error
[2025-12-18 03:33:13] ERROR: Redis Client Error
[2025-12-18 03:33:15] ERROR: Redis Client Error
[2025-12-18 03:33:17] ERROR: Redis Client Error
[2025-12-18 03:33:19] ERROR: Redis Client Error
[2025-12-18 03:33:21] ERROR: Redis Client Error
[2025-12-18 03:33:23] ERROR: Redis Client Error
[2025-12-18 03:33:25] ERROR: Redis Client Error
[2025-12-18 03:33:28] ERROR: Redis Client Error
[2025-12-18 03:33:30] ERROR: Redis Client Error
[2025-12-18 03:33:32] ERROR: Redis Client Error
[2025-12-18 03:33:34] ERROR: Redis Client Error
[2025-12-18 03:33:36] ERROR: Redis Client Error
[2025-12-18 03:33:38] ERROR: Redis Client Error
[2025-12-18 03:33:40] ERROR: Redis Client Error
[2025-12-18 03:33:42] ERROR: Redis Client Error
[2025-12-18 03:33:44] ERROR: Redis Client Error
[2025-12-18 03:33:47] ERROR: Redis Client Error
[2025-12-18 03:33:49] ERROR: Redis Client Error
[2025-12-18 03:33:51] ERROR: Redis Client Error
[2025-12-18 03:33:53] ERROR: Redis Client Error
[2025-12-18 03:33:55] ERROR: Redis Client Error
[2025-12-18 03:33:57] ERROR: Redis Client Error
[2025-12-18 03:33:59] ERROR: Redis Client Error
[2025-12-18 03:34:01] ERROR: Redis Client Error
[2025-12-18 03:34:03] ERROR: Redis Client Error
[2025-12-18 03:34:05] ERROR: Redis Client Error
[2025-12-18 03:34:07] ERROR: Redis Client Error
[2025-12-18 03:34:10] ERROR: Redis Client Error
[2025-12-18 03:34:12] ERROR: Redis Client Error
[2025-12-18 03:34:14] ERROR: Redis Client Error
[2025-12-18 03:34:16] ERROR: Redis Client Error
[2025-12-18 03:34:18] ERROR: Redis Client Error
[2025-12-18 03:34:20] ERROR: Redis Client Error
[2025-12-18 03:34:22] ERROR: Redis Client Error
[2025-12-18 03:34:24] ERROR: Redis Client Error
[2025-12-18 03:34:27] ERROR: Redis Client Error
[2025-12-18 03:34:29] ERROR: Redis Client Error
[2025-12-18 03:34:31] ERROR: Redis Client Error
[2025-12-18 03:34:33] ERROR: Redis Client Error
[2025-12-18 03:34:35] ERROR: Redis Client Error
[2025-12-18 03:34:37] ERROR: Redis Client Error
[2025-12-18 03:34:39] ERROR: Redis Client Error
[2025-12-18 03:34:41] ERROR: Redis Client Error
[2025-12-18 03:34:43] ERROR: Redis Client Error
[2025-12-18 03:34:45] ERROR: Redis Client Error
[2025-12-18 03:34:47] ERROR: Redis Client Error
[2025-12-18 03:34:50] ERROR: Redis Client Error
[2025-12-18 03:34:52] ERROR: Redis Client Error
[2025-12-18 03:34:54] ERROR: Redis Client Error
[2025-12-18 03:34:56] ERROR: Redis Client Error
[2025-12-18 03:34:58] ERROR: Redis Client Error
[2025-12-18 03:35:00] ERROR: Redis Client Error
[2025-12-18 03:35:02] ERROR: Redis Client Error
[2025-12-18 03:35:04] ERROR: Redis Client Error
[2025-12-18 03:35:06] ERROR: Redis Client Error
[2025-12-18 03:35:08] ERROR: Redis Client Error
[2025-12-18 03:35:10] ERROR: Redis Client Error
[2025-12-18 03:35:13] ERROR: Redis Client Error
[2025-12-18 03:35:15] ERROR: Redis Client Error
[2025-12-18 03:35:17] ERROR: Redis Client Error
[2025-12-18 03:35:19] ERROR: Redis Client Error
[2025-12-18 03:35:21] ERROR: Redis Client Error
[2025-12-18 03:35:23] ERROR: Redis Client Error
[2025-12-18 03:35:25] ERROR: Redis Client Error
[2025-12-18 03:35:27] ERROR: Redis Client Error
[2025-12-18 03:35:30] ERROR: Redis Client Error
[2025-12-18 03:35:32] ERROR: Redis Client Error
[2025-12-18 03:35:34] ERROR: Redis Client Error
[2025-12-18 03:35:36] ERROR: Redis Client Error
[2025-12-18 03:35:38] ERROR: Redis Client Error
[2025-12-18 03:35:40] ERROR: Redis Client Error
[2025-12-18 03:35:42] ERROR: Redis Client Error
[2025-12-18 03:35:44] ERROR: Redis Client Error
[2025-12-18 03:35:46] ERROR: Redis Client Error
[2025-12-18 03:35:48] ERROR: Redis Client Error
[2025-12-18 03:35:51] ERROR: Redis Client Error
[2025-12-18 03:35:53] ERROR: Redis Client Error
[2025-12-18 03:35:55] ERROR: Redis Client Error
[2025-12-18 03:35:57] ERROR: Redis Client Error
[2025-12-18 03:35:59] ERROR: Redis Client Error
[2025-12-18 03:36:01] ERROR: Redis Client Error
[2025-12-18 03:36:04] ERROR: Redis Client Error
[2025-12-18 03:36:06] ERROR: Redis Client Error
[2025-12-18 03:36:08] ERROR: Redis Client Error
[2025-12-18 03:36:10] ERROR: Redis Client Error
[2025-12-18 03:36:12] ERROR: Redis Client Error
[2025-12-18 03:36:14] ERROR: Redis Client Error
[2025-12-18 03:36:16] ERROR: Redis Client Error
[2025-12-18 03:36:18] ERROR: Redis Client Error
[2025-12-18 03:36:20] ERROR: Redis Client Error
[2025-12-18 03:36:22] ERROR: Redis Client Error
[2025-12-18 03:36:24] ERROR: Redis Client Error
[2025-12-18 03:36:27] ERROR: Redis Client Error
[2025-12-18 03:36:29] ERROR: Redis Client Error
[2025-12-18 03:36:31] ERROR: Redis Client Error
[2025-12-18 03:36:33] ERROR: Redis Client Error
[2025-12-18 03:36:35] ERROR: Redis Client Error
[2025-12-18 03:36:37] ERROR: Redis Client Error
[2025-12-18 03:36:39] ERROR: Redis Client Error
[2025-12-18 03:36:41] ERROR: Redis Client Error
[2025-12-18 03:36:43] ERROR: Redis Client Error
[2025-12-18 03:36:45] ERROR: Redis Client Error
[2025-12-18 03:36:47] ERROR: Redis Client Error
[2025-12-18 03:36:49] ERROR: Redis Client Error
[2025-12-18 03:36:52] ERROR: Redis Client Error
[2025-12-18 03:36:54] ERROR: Redis Client Error
[2025-12-18 03:36:56] ERROR: Redis Client Error
[2025-12-18 03:36:58] ERROR: Redis Client Error
[2025-12-18 03:37:00] ERROR: Redis Client Error
[2025-12-18 03:37:02] ERROR: Redis Client Error
[2025-12-18 03:37:04] ERROR: Redis Client Error
[2025-12-18 03:37:07] ERROR: Redis Client Error
[2025-12-18 03:37:09] ERROR: Redis Client Error
[2025-12-18 03:37:11] ERROR: Redis Client Error
[2025-12-18 03:37:13] ERROR: Redis Client Error
[2025-12-18 03:37:15] ERROR: Redis Client Error
[2025-12-18 03:37:17] ERROR: Redis Client Error
[2025-12-18 03:37:19] ERROR: Redis Client Error
[2025-12-18 03:37:21] ERROR: Redis Client Error
[2025-12-18 03:37:23] ERROR: Redis Client Error
[2025-12-18 03:37:25] ERROR: Redis Client Error
[2025-12-18 03:37:27] ERROR: Redis Client Error
[2025-12-18 03:37:30] ERROR: Redis Client Error
[2025-12-18 03:37:32] ERROR: Redis Client Error
[2025-12-18 03:37:34] ERROR: Redis Client Error
[2025-12-18 03:37:36] ERROR: Redis Client Error
[2025-12-18 03:37:38] ERROR: Redis Client Error
[2025-12-18 03:37:40] ERROR: Redis Client Error
[2025-12-18 03:37:42] ERROR: Redis Client Error
[2025-12-18 03:37:44] ERROR: Redis Client Error
[2025-12-18 03:37:46] ERROR: Redis Client Error
[2025-12-18 03:37:48] ERROR: Redis Client Error
[2025-12-18 03:37:51] ERROR: Redis Client Error
[2025-12-18 03:37:53] ERROR: Redis Client Error
[2025-12-18 03:37:55] ERROR: Redis Client Error
[2025-12-18 03:37:57] ERROR: Redis Client Error
[2025-12-18 03:37:59] ERROR: Redis Client Error
[2025-12-18 03:38:01] ERROR: Redis Client Error
[2025-12-18 03:38:03] ERROR: Redis Client Error
[2025-12-18 03:38:05] ERROR: Redis Client Error
[2025-12-18 03:38:07] ERROR: Redis Client Error
[2025-12-18 03:38:10] ERROR: Redis Client Error
[2025-12-18 03:38:12] ERROR: Redis Client Error
[2025-12-18 03:38:14] ERROR: Redis Client Error
[2025-12-18 03:38:16] ERROR: Redis Client Error
[2025-12-18 03:38:18] ERROR: Redis Client Error
[2025-12-18 03:38:20] ERROR: Redis Client Error
[2025-12-18 03:38:22] ERROR: Redis Client Error
[2025-12-18 03:38:24] ERROR: Redis Client Error
[2025-12-18 03:38:26] ERROR: Redis Client Error
[2025-12-18 03:38:28] ERROR: Redis Client Error
[2025-12-18 03:38:30] ERROR: Redis Client Error
[2025-12-18 03:38:32] ERROR: Redis Client Error
[2025-12-18 03:38:35] ERROR: Redis Client Error
[2025-12-18 03:38:37] ERROR: Redis Client Error
[2025-12-18 03:38:39] ERROR: Redis Client Error
[2025-12-18 03:38:41] ERROR: Redis Client Error
[2025-12-18 03:38:43] ERROR: Redis Client Error
[2025-12-18 03:38:45] ERROR: Redis Client Error
[2025-12-18 03:38:47] ERROR: Redis Client Error
[2025-12-18 03:38:49] ERROR: Redis Client Error
[2025-12-18 03:38:52] ERROR: Redis Client Error
[2025-12-18 03:38:54] ERROR: Redis Client Error
[2025-12-18 03:38:56] ERROR: Redis Client Error
[2025-12-18 03:38:58] ERROR: Redis Client Error
[2025-12-18 03:39:00] ERROR: Redis Client Error
[2025-12-18 03:39:02] ERROR: Redis Client Error
[2025-12-18 03:39:04] ERROR: Redis Client Error
[2025-12-18 03:39:06] ERROR: Redis Client Error
[2025-12-18 03:39:09] ERROR: Redis Client Error
[2025-12-18 03:39:11] ERROR: Redis Client Error
[2025-12-18 03:39:13] ERROR: Redis Client Error
[2025-12-18 03:39:15] ERROR: Redis Client Error
[2025-12-18 03:39:17] ERROR: Redis Client Error
[2025-12-18 03:39:19] ERROR: Redis Client Error
[2025-12-18 03:39:21] ERROR: Redis Client Error
[2025-12-18 03:39:23] ERROR: Redis Client Error
[2025-12-18 03:39:25] ERROR: Redis Client Error
[2025-12-18 03:39:28] ERROR: Redis Client Error
[2025-12-18 03:39:30] ERROR: Redis Client Error
[2025-12-18 03:39:32] ERROR: Redis Client Error
[2025-12-18 03:39:34] ERROR: Redis Client Error
[2025-12-18 03:39:36] ERROR: Redis Client Error
[2025-12-18 03:39:38] ERROR: Redis Client Error
[2025-12-18 03:39:40] ERROR: Redis Client Error
[2025-12-18 03:39:43] ERROR: Redis Client Error
[2025-12-18 03:39:45] ERROR: Redis Client Error
[2025-12-18 03:39:47] ERROR: Redis Client Error
[2025-12-18 03:39:49] ERROR: Redis Client Error
[2025-12-18 03:39:51] ERROR: Redis Client Error
[2025-12-18 03:39:53] ERROR: Redis Client Error
[2025-12-18 03:39:55] ERROR: Redis Client Error
[2025-12-18 03:39:57] ERROR: Redis Client Error
[2025-12-18 03:39:59] ERROR: Redis Client Error
[2025-12-18 03:40:02] ERROR: Redis Client Error
[2025-12-18 03:40:04] ERROR: Redis Client Error
[2025-12-18 03:40:06] ERROR: Redis Client Error
[2025-12-18 03:40:08] ERROR: Redis Client Error
[2025-12-18 03:40:10] ERROR: Redis Client Error
[2025-12-18 03:40:12] ERROR: Redis Client Error
[2025-12-18 03:40:14] ERROR: Redis Client Error
[2025-12-18 03:40:17] ERROR: Redis Client Error
[2025-12-18 03:40:19] ERROR: Redis Client Error
[2025-12-18 03:40:21] ERROR: Redis Client Error
[2025-12-18 03:40:23] ERROR: Redis Client Error
[2025-12-18 03:40:25] ERROR: Redis Client Error
[2025-12-18 03:40:27] ERROR: Redis Client Error
[2025-12-18 03:40:29] ERROR: Redis Client Error
[2025-12-18 03:40:31] ERROR: Redis Client Error
[2025-12-18 03:40:33] ERROR: Redis Client Error
[2025-12-18 03:40:35] ERROR: Redis Client Error
[2025-12-18 03:40:37] ERROR: Redis Client Error
[2025-12-18 03:40:40] ERROR: Redis Client Error
[2025-12-18 03:40:42] ERROR: Redis Client Error
[2025-12-18 03:40:44] ERROR: Redis Client Error
[2025-12-18 03:40:46] ERROR: Redis Client Error
[2025-12-18 03:40:48] ERROR: Redis Client Error
[2025-12-18 03:40:50] ERROR: Redis Client Error
[2025-12-18 03:40:52] ERROR: Redis Client Error
[2025-12-18 03:40:54] ERROR: Redis Client Error
[2025-12-18 03:40:57] ERROR: Redis Client Error
[2025-12-18 03:40:59] ERROR: Redis Client Error
[2025-12-18 03:41:01] ERROR: Redis Client Error
[2025-12-18 03:41:03] ERROR: Redis Client Error
[2025-12-18 03:41:05] ERROR: Redis Client Error
[2025-12-18 03:41:07] ERROR: Redis Client Error
[2025-12-18 03:41:09] ERROR: Redis Client Error
[2025-12-18 03:41:11] ERROR: Redis Client Error
[2025-12-18 03:41:13] ERROR: Redis Client Error
[2025-12-18 03:41:16] ERROR: Redis Client Error
[2025-12-18 03:41:18] ERROR: Redis Client Error
[2025-12-18 03:41:20] ERROR: Redis Client Error
[2025-12-18 03:41:22] ERROR: Redis Client Error
[2025-12-18 03:41:24] ERROR: Redis Client Error
[2025-12-18 03:41:26] ERROR: Redis Client Error
[2025-12-18 03:41:28] ERROR: Redis Client Error
[2025-12-18 03:41:30] ERROR: Redis Client Error
[2025-12-18 03:41:32] ERROR: Redis Client Error
[2025-12-18 03:41:35] ERROR: Redis Client Error
[2025-12-18 03:41:37] ERROR: Redis Client Error
[2025-12-18 03:41:39] ERROR: Redis Client Error
[2025-12-18 03:41:41] ERROR: Redis Client Error
[2025-12-18 03:41:43] ERROR: Redis Client Error
[2025-12-18 03:41:45] ERROR: Redis Client Error
[2025-12-18 03:41:47] ERROR: Redis Client Error
[2025-12-18 03:41:49] ERROR: Redis Client Error
[2025-12-18 03:41:51] ERROR: Redis Client Error
[2025-12-18 03:41:54] ERROR: Redis Client Error
[2025-12-18 03:41:56] ERROR: Redis Client Error
[2025-12-18 03:41:58] ERROR: Redis Client Error
[2025-12-18 03:42:00] ERROR: Redis Client Error
[2025-12-18 03:42:02] ERROR: Redis Client Error
[2025-12-18 03:42:04] ERROR: Redis Client Error
[2025-12-18 03:42:06] ERROR: Redis Client Error
[2025-12-18 03:42:08] ERROR: Redis Client Error
[2025-12-18 03:42:11] ERROR: Redis Client Error
[2025-12-18 03:42:13] ERROR: Redis Client Error
[2025-12-18 03:42:15] ERROR: Redis Client Error
[2025-12-18 03:42:17] ERROR: Redis Client Error
[2025-12-18 03:42:19] ERROR: Redis Client Error
[2025-12-18 03:42:21] ERROR: Redis Client Error
[2025-12-18 03:42:23] ERROR: Redis Client Error
[2025-12-18 03:42:25] ERROR: Redis Client Error
[2025-12-18 03:42:28] ERROR: Redis Client Error
[2025-12-18 03:42:30] ERROR: Redis Client Error
[2025-12-18 03:42:32] ERROR: Redis Client Error
[2025-12-18 03:42:34] ERROR: Redis Client Error
[2025-12-18 03:42:36] ERROR: Redis Client Error
[2025-12-18 03:42:38] ERROR: Redis Client Error
[2025-12-18 03:42:40] ERROR: Redis Client Error
[2025-12-18 03:42:42] ERROR: Redis Client Error
[2025-12-18 03:42:44] ERROR: Redis Client Error
[2025-12-18 03:42:46] ERROR: Redis Client Error
[2025-12-18 03:42:48] ERROR: Redis Client Error
[2025-12-18 03:42:50] ERROR: Redis Client Error
[2025-12-18 03:42:53] ERROR: Redis Client Error
[2025-12-18 03:42:55] ERROR: Redis Client Error
[2025-12-18 03:42:57] ERROR: Redis Client Error
[2025-12-18 03:42:59] ERROR: Redis Client Error
[2025-12-18 03:43:01] ERROR: Redis Client Error
[2025-12-18 03:43:03] ERROR: Redis Client Error
[2025-12-18 03:43:05] ERROR: Redis Client Error
[2025-12-18 03:43:07] ERROR: Redis Client Error
[2025-12-18 03:43:10] ERROR: Redis Client Error
[2025-12-18 03:43:12] ERROR: Redis Client Error
[2025-12-18 03:43:14] ERROR: Redis Client Error
[2025-12-18 03:43:16] ERROR: Redis Client Error
[2025-12-18 03:43:18] ERROR: Redis Client Error
[2025-12-18 03:43:20] ERROR: Redis Client Error
[2025-12-18 03:43:22] ERROR: Redis Client Error
[2025-12-18 03:43:24] ERROR: Redis Client Error
[2025-12-18 03:43:27] ERROR: Redis Client Error
[2025-12-18 03:43:29] ERROR: Redis Client Error
[2025-12-18 03:43:31] ERROR: Redis Client Error
[2025-12-18 03:43:33] ERROR: Redis Client Error
[2025-12-18 03:43:35] ERROR: Redis Client Error
[2025-12-18 03:43:37] ERROR: Redis Client Error
[2025-12-18 03:43:39] ERROR: Redis Client Error
[2025-12-18 03:43:41] ERROR: Redis Client Error
[2025-12-18 03:43:43] ERROR: Redis Client Error
[2025-12-18 03:43:46] ERROR: Redis Client Error
[2025-12-18 03:43:48] ERROR: Redis Client Error
[2025-12-18 03:43:50] ERROR: Redis Client Error
[2025-12-18 03:43:52] ERROR: Redis Client Error
[2025-12-18 03:43:54] ERROR: Redis Client Error
[2025-12-18 03:43:56] ERROR: Redis Client Error
[2025-12-18 03:43:58] ERROR: Redis Client Error
[2025-12-18 03:44:00] ERROR: Redis Client Error
[2025-12-18 03:44:03] ERROR: Redis Client Error
[2025-12-18 03:44:05] ERROR: Redis Client Error
[2025-12-18 03:44:07] ERROR: Redis Client Error
[2025-12-18 03:44:09] ERROR: Redis Client Error
[2025-12-18 03:44:11] ERROR: Redis Client Error
[2025-12-18 03:44:13] ERROR: Redis Client Error
[2025-12-18 03:44:15] ERROR: Redis Client Error
[2025-12-18 03:44:18] ERROR: Redis Client Error
[2025-12-18 03:44:20] ERROR: Redis Client Error
[2025-12-18 03:44:22] ERROR: Redis Client Error
[2025-12-18 03:44:24] ERROR: Redis Client Error
[2025-12-18 03:44:26] ERROR: Redis Client Error
[2025-12-18 03:44:28] ERROR: Redis Client Error
[2025-12-18 03:44:30] ERROR: Redis Client Error
[2025-12-18 03:44:32] ERROR: Redis Client Error
[2025-12-18 03:44:34] ERROR: Redis Client Error
[2025-12-18 03:44:36] ERROR: Redis Client Error
[2025-12-18 03:44:38] ERROR: Redis Client Error
[2025-12-18 03:44:40] ERROR: Redis Client Error
[2025-12-18 03:44:42] ERROR: Redis Client Error
[2025-12-18 03:44:45] ERROR: Redis Client Error
[2025-12-18 03:44:47] ERROR: Redis Client Error
[2025-12-18 03:44:49] ERROR: Redis Client Error
[2025-12-18 03:44:51] ERROR: Redis Client Error
[2025-12-18 03:44:53] ERROR: Redis Client Error
[2025-12-18 03:44:55] ERROR: Redis Client Error
[2025-12-18 03:44:57] ERROR: Redis Client Error
[2025-12-18 03:44:59] ERROR: Redis Client Error
[2025-12-18 03:45:01] ERROR: Redis Client Error
[2025-12-18 03:45:03] ERROR: Redis Client Error
[2025-12-18 03:45:05] ERROR: Redis Client Error
[2025-12-18 03:45:07] ERROR: Redis Client Error
[2025-12-18 03:45:10] ERROR: Redis Client Error
[2025-12-18 03:45:12] ERROR: Redis Client Error
[2025-12-18 03:45:14] ERROR: Redis Client Error
[2025-12-18 03:45:16] ERROR: Redis Client Error
[2025-12-18 03:45:18] ERROR: Redis Client Error
[2025-12-18 03:45:20] ERROR: Redis Client Error
[2025-12-18 03:45:22] ERROR: Redis Client Error
[2025-12-18 03:45:24] ERROR: Redis Client Error
[2025-12-18 03:45:26] ERROR: Redis Client Error
[2025-12-18 03:45:29] ERROR: Redis Client Error
[2025-12-18 03:45:31] ERROR: Redis Client Error
[2025-12-18 03:45:33] ERROR: Redis Client Error
[2025-12-18 03:45:35] ERROR: Redis Client Error
[2025-12-18 03:45:37] ERROR: Redis Client Error
[2025-12-18 03:45:39] ERROR: Redis Client Error
[2025-12-18 03:45:41] ERROR: Redis Client Error
[2025-12-18 03:45:43] ERROR: Redis Client Error
[2025-12-18 03:45:45] ERROR: Redis Client Error
[2025-12-18 03:45:47] ERROR: Redis Client Error
[2025-12-18 03:45:49] ERROR: Redis Client Error
[2025-12-18 03:45:51] ERROR: Redis Client Error
[2025-12-18 03:45:53] ERROR: Redis Client Error
[2025-12-18 03:45:55] ERROR: Redis Client Error
[2025-12-18 03:45:58] ERROR: Redis Client Error
[2025-12-18 03:46:00] ERROR: Redis Client Error
[2025-12-18 03:46:02] ERROR: Redis Client Error
[2025-12-18 03:46:04] ERROR: Redis Client Error
